<?xml version="1.0" encoding="UTF-8"?>
<!-- Generated by org.testng.reporters.JUnitReportReporter -->
<testsuite skipped="0" hostname="DESKTOP-70I24VD" name="com.tester.cases.LoginTest" tests="4" failures="0" timestamp="2022-04-09T18:01:29 CST" time="1.197" errors="0">
  <testcase name="loginFalse" time="0.043" classname="com.tester.cases.LoginTest"/>
  <system-out/>
  <testcase name="loginTrue" time="1.099" classname="com.tester.cases.LoginTest"/>
  <system-out/>
  <testcase name="loginFalse" time="0.030" classname="com.tester.cases.LoginTest"/>
  <system-out/>
  <testcase name="loginTrue" time="0.025" classname="com.tester.cases.LoginTest"/>
  <system-out/>
</testsuite> <!-- com.tester.cases.LoginTest -->
