<?xml version="1.0" encoding="UTF-8"?>
<!-- Generated by org.testng.reporters.JUnitReportReporter -->
<testsuite skipped="0" hostname="DESKTOP-70I24VD" name="com.tester.cases.GetUserInfoTest" tests="1" failures="0" timestamp="2022-04-09T18:01:29 CST" time="0.075" errors="0">
  <testcase name="getUserInfo" time="0.075" classname="com.tester.cases.GetUserInfoTest"/>
  <system-out/>
</testsuite> <!-- com.tester.cases.GetUserInfoTest -->
