<?xml version="1.0" encoding="UTF-8"?>
<!-- Generated by org.testng.reporters.JUnitReportReporter -->
<testsuite skipped="0" hostname="DESKTOP-70I24VD" name="com.tester.cases.UpdateUserInfoTest" tests="2" failures="0" timestamp="2022-04-09T18:01:29 CST" time="6.115" errors="0">
  <testcase name="deleteUser" time="3.050" classname="com.tester.cases.UpdateUserInfoTest"/>
  <system-out/>
  <testcase name="updateUserInfo" time="3.065" classname="com.tester.cases.UpdateUserInfoTest"/>
  <system-out/>
</testsuite> <!-- com.tester.cases.UpdateUserInfoTest -->
