<?xml version="1.0" encoding="UTF-8"?>
<!-- Generated by org.testng.reporters.JUnitReportReporter -->
<testsuite skipped="0" hostname="DESKTOP-70I24VD" name="com.tester.cases.LoginTest" tests="4" failures="0" timestamp="2022-04-07T19:08:09 CST" time="0.802" errors="0">
  <testcase name="loginFalse" time="0.035" classname="com.tester.cases.LoginTest"/>
  <system-out/>
  <testcase name="loginTrue" time="0.719" classname="com.tester.cases.LoginTest"/>
  <system-out/>
  <testcase name="loginFalse" time="0.027" classname="com.tester.cases.LoginTest"/>
  <system-out/>
  <testcase name="loginTrue" time="0.021" classname="com.tester.cases.LoginTest"/>
  <system-out/>
</testsuite> <!-- com.tester.cases.LoginTest -->
